This is pdfTeX, Version 3.14159265-2.6-1.40.17 (TeX Live 2016/Debian) (preloaded format=pdflatex 2017.1.23)  23 JAN 2017 15:52
entering extended mode
 restricted \write18 enabled.
 %&-line parsing enabled.
**interactapasample.tex
(./interactapasample.tex
LaTeX2e <2016/03/31> patch level 3
Babel <3.9r> and hyphenation patterns for 3 language(s) loaded.
(./interact.cls
Document Class: interact 2016/08/30 v1.02 Interact LaTeX2e document class
(/usr/share/texlive/texmf-dist/tex/latex/base/article.cls
Document Class: article 2014/09/29 v1.4h Standard LaTeX document class
(/usr/share/texlive/texmf-dist/tex/latex/base/size11.clo
File: size11.clo 2014/09/29 v1.4h Standard LaTeX file (size option)
)
\c@part=\count79
\c@section=\count80
\c@subsection=\count81
\c@subsubsection=\count82
\c@paragraph=\count83
\c@subparagraph=\count84
\c@figure=\count85
\c@table=\count86
\abovecaptionskip=\skip41
\belowcaptionskip=\skip42
\bibindent=\dimen102
)
(/usr/share/texlive/texmf-dist/tex/latex/amsmath/amsmath.sty
Package: amsmath 2016/06/28 v2.15d AMS math features
\@mathmargin=\skip43

For additional information on amsmath, use the `?' option.
(/usr/share/texlive/texmf-dist/tex/latex/amsmath/amstext.sty
Package: amstext 2000/06/29 v2.01 AMS text

(/usr/share/texlive/texmf-dist/tex/latex/amsmath/amsgen.sty
File: amsgen.sty 1999/11/30 v2.0 generic functions
\@emptytoks=\toks14
\ex@=\dimen103
))
(/usr/share/texlive/texmf-dist/tex/latex/amsmath/amsbsy.sty
Package: amsbsy 1999/11/29 v1.2d Bold Symbols
\pmbraise@=\dimen104
)
(/usr/share/texlive/texmf-dist/tex/latex/amsmath/amsopn.sty
Package: amsopn 2016/03/08 v2.02 operator names
)
\inf@bad=\count87
LaTeX Info: Redefining \frac on input line 199.
\uproot@=\count88
\leftroot@=\count89
LaTeX Info: Redefining \overline on input line 297.
\classnum@=\count90
\DOTSCASE@=\count91
LaTeX Info: Redefining \ldots on input line 394.
LaTeX Info: Redefining \dots on input line 397.
LaTeX Info: Redefining \cdots on input line 518.
\Mathstrutbox@=\box26
\strutbox@=\box27
\big@size=\dimen105
LaTeX Font Info:    Redeclaring font encoding OML on input line 634.
LaTeX Font Info:    Redeclaring font encoding OMS on input line 635.
\macc@depth=\count92
\c@MaxMatrixCols=\count93
\dotsspace@=\muskip10
\c@parentequation=\count94
\dspbrk@lvl=\count95
\tag@help=\toks15
\row@=\count96
\column@=\count97
\maxfields@=\count98
\andhelp@=\toks16
\eqnshift@=\dimen106
\alignsep@=\dimen107
\tagshift@=\dimen108
\tagwidth@=\dimen109
\totwidth@=\dimen110
\lineht@=\dimen111
\@envbody=\toks17
\multlinegap=\skip44
\multlinetaggap=\skip45
\mathdisplay@stack=\toks18
LaTeX Info: Redefining \[ on input line 2739.
LaTeX Info: Redefining \] on input line 2740.
)
(/usr/share/texlive/texmf-dist/tex/latex/amsfonts/amssymb.sty
Package: amssymb 2013/01/14 v3.01 AMS font symbols

(/usr/share/texlive/texmf-dist/tex/latex/amsfonts/amsfonts.sty
Package: amsfonts 2013/01/14 v3.01 Basic AMSFonts support
\symAMSa=\mathgroup4
\symAMSb=\mathgroup5
LaTeX Font Info:    Overwriting math alphabet `\mathfrak' in version `bold'
(Font)                  U/euf/m/n --> U/euf/b/n on input line 106.
))
(/usr/share/texlive/texmf-dist/tex/latex/amscls/amsthm.sty
Package: amsthm 2015/03/04 v2.20.2
\thm@style=\toks19
\thm@bodyfont=\toks20
\thm@headfont=\toks21
\thm@notefont=\toks22
\thm@headpunct=\toks23
\thm@preskip=\skip46
\thm@postskip=\skip47
\thm@headsep=\skip48
\dth@everypar=\toks24
) (./booktabs.sty
Package: booktabs 2005/04/14 v1.61803 publication quality tables
\heavyrulewidth=\dimen112
\lightrulewidth=\dimen113
\cmidrulewidth=\dimen114
\belowrulesep=\dimen115
\belowbottomsep=\dimen116
\aboverulesep=\dimen117
\abovetopsep=\dimen118
\cmidrulesep=\dimen119
\cmidrulekern=\dimen120
\defaultaddspace=\dimen121
\@cmidla=\count99
\@cmidlb=\count100
\@aboverulesep=\dimen122
\@belowrulesep=\dimen123
\@thisruleclass=\count101
\@lastruleclass=\count102
\@thisrulewidth=\dimen124
)
(./epsfig.sty
Package: epsfig 1999/02/16 v1.7a (e)psfig emulation (SPQR)
 (/usr/share/texlive/texmf-dist/tex/latex/graphics/graphicx.sty
Package: graphicx 2014/10/28 v1.0g Enhanced LaTeX Graphics (DPC,SPQR)

(/usr/share/texlive/texmf-dist/tex/latex/graphics/keyval.sty
Package: keyval 2014/10/28 v1.15 key=value parser (DPC)
\KV@toks@=\toks25
)
(/usr/share/texlive/texmf-dist/tex/latex/graphics/graphics.sty
Package: graphics 2016/07/10 v1.0t Standard LaTeX Graphics (DPC,SPQR)

(/usr/share/texlive/texmf-dist/tex/latex/graphics/trig.sty
Package: trig 2016/01/03 v1.10 sin cos tan (DPC)
)
(/usr/share/texlive/texmf-dist/tex/latex/graphics-cfg/graphics.cfg
File: graphics.cfg 2016/06/04 v1.11 sample graphics configuration
)
Package graphics Info: Driver file: pdftex.def on input line 99.

(/usr/share/texlive/texmf-dist/tex/latex/graphics-def/pdftex.def
File: pdftex.def 2016/07/10 v0.06j Graphics/color for pdfTeX

(/usr/share/texlive/texmf-dist/tex/generic/oberdiek/infwarerr.sty
Package: infwarerr 2016/05/16 v1.4 Providing info/warning/error messages (HO)
)
(/usr/share/texlive/texmf-dist/tex/generic/oberdiek/ltxcmds.sty
Package: ltxcmds 2016/05/16 v1.23 LaTeX kernel commands for general use (HO)
)
\Gread@gobject=\count103
))
\Gin@req@height=\dimen125
\Gin@req@width=\dimen126
)
\epsfxsize=\dimen127
\epsfysize=\dimen128
)
(./rotating.sty
Package: rotating 1997/09/26, v2.13 Rotation package
 (/usr/share/texlive/texmf-dist/tex/latex/base/ifthen.sty
Package: ifthen 2014/09/29 v1.1c Standard LaTeX ifthen package (DPC)
)
\c@r@tfl@t=\count104
\rot@float@box=\box28
)
(/usr/share/texlive/texmf-dist/tex/latex/geometry/geometry.sty
Package: geometry 2010/09/12 v5.6 Page Geometry

(/usr/share/texlive/texmf-dist/tex/generic/oberdiek/ifpdf.sty
Package: ifpdf 2016/05/14 v3.1 Provides the ifpdf switch
)
(/usr/share/texlive/texmf-dist/tex/generic/oberdiek/ifvtex.sty
Package: ifvtex 2016/05/16 v1.6 Detect VTeX and its facilities (HO)
Package ifvtex Info: VTeX not detected.
)
(/usr/share/texlive/texmf-dist/tex/generic/ifxetex/ifxetex.sty
Package: ifxetex 2010/09/12 v0.6 Provides ifxetex conditional
)
\Gm@cnth=\count105
\Gm@cntv=\count106
\c@Gm@tempcnt=\count107
\Gm@bindingoffset=\dimen129
\Gm@wd@mp=\dimen130
\Gm@odd@mp=\dimen131
\Gm@even@mp=\dimen132
\Gm@layoutwidth=\dimen133
\Gm@layoutheight=\dimen134
\Gm@layouthoffset=\dimen135
\Gm@layoutvoffset=\dimen136
\Gm@dimlist=\toks26
)
\c@mv@upright=\count108
\c@mv@boldupright=\count109
LaTeX Font Info:    Overwriting symbol font `letters' in version `upright'
(Font)                  OML/cmm/m/it --> OML/eur/m/n on input line 163.
LaTeX Font Info:    Overwriting symbol font `letters' in version `boldupright'
(Font)                  OML/cmm/m/it --> OML/eur/b/n on input line 164.
\tempbox=\box29
\figheight=\dimen137
\figwidth=\dimen138
\tabledim=\dimen139
\LabelSep=\dimen140
\TopSep=\skip49
)
(/usr/share/texlive/texmf-dist/tex/latex/oberdiek/epstopdf.sty
Package: epstopdf 2016/05/15 v2.6 Conversion with epstopdf on the fly (HO)

(/usr/share/texlive/texmf-dist/tex/latex/oberdiek/epstopdf-base.sty
Package: epstopdf-base 2016/05/15 v2.6 Base part for package epstopdf

(/usr/share/texlive/texmf-dist/tex/latex/oberdiek/grfext.sty
Package: grfext 2016/05/16 v1.2 Manage graphics extensions (HO)

(/usr/share/texlive/texmf-dist/tex/generic/oberdiek/kvdefinekeys.sty
Package: kvdefinekeys 2016/05/16 v1.4 Define keys (HO)
))
(/usr/share/texlive/texmf-dist/tex/latex/oberdiek/kvoptions.sty
Package: kvoptions 2016/05/16 v3.12 Key value format for package options (HO)

(/usr/share/texlive/texmf-dist/tex/generic/oberdiek/kvsetkeys.sty
Package: kvsetkeys 2016/05/16 v1.17 Key value parser (HO)

(/usr/share/texlive/texmf-dist/tex/generic/oberdiek/etexcmds.sty
Package: etexcmds 2016/05/16 v1.6 Avoid name clashes with e-TeX commands (HO)

(/usr/share/texlive/texmf-dist/tex/generic/oberdiek/ifluatex.sty
Package: ifluatex 2016/05/16 v1.4 Provides the ifluatex switch (HO)
Package ifluatex Info: LuaTeX not detected.
)
Package etexcmds Info: Could not find \expanded.
(etexcmds)             That can mean that you are not using pdfTeX 1.50 or
(etexcmds)             that some package has redefined \expanded.
(etexcmds)             In the latter case, load this package earlier.
)))
(/usr/share/texlive/texmf-dist/tex/generic/oberdiek/pdftexcmds.sty
Package: pdftexcmds 2016/05/21 v0.22 Utility functions of pdfTeX for LuaTeX (HO
)
Package pdftexcmds Info: LuaTeX not detected.
Package pdftexcmds Info: \pdf@primitive is available.
Package pdftexcmds Info: \pdf@ifprimitive is available.
Package pdftexcmds Info: \pdfdraftmode found.
)
Package epstopdf-base Info: Redefining graphics rule for `.eps' on input line 4
38.
Package grfext Info: Graphics extension search list:
(grfext)             [.png,.pdf,.jpg,.mps,.jpeg,.jbig2,.jb2,.PNG,.PDF,.JPG,.JPE
G,.JBIG2,.JB2,.eps]
(grfext)             \AppendGraphicsExtensions on input line 456.

(/usr/share/texlive/texmf-dist/tex/latex/latexconfig/epstopdf-sys.cfg
File: epstopdf-sys.cfg 2010/07/13 v1.3 Configuration of (r)epstopdf for TeX Liv
e
)))
(./subfigure.sty
Package: subfigure 2002/07/30 v2.1.4 subfigure package
\subfigtopskip=\skip50
\subfigcapskip=\skip51
\subfigcaptopadj=\dimen141
\subfigbottomskip=\skip52
\subfigcapmargin=\dimen142
\subfiglabelskip=\skip53
\c@subfigure=\count110
\c@lofdepth=\count111
\c@subtable=\count112
\c@lotdepth=\count113
\subfig@top=\skip54
\subfig@bottom=\skip55
) (./natbib.sty
Package: natbib 2010/09/13 8.31b (PWD, AO)
\bibhang=\skip56
\bibsep=\skip57
LaTeX Info: Redefining \cite on input line 694.
\c@NAT@ctr=\count114
)
\c@theorem=\count115
\c@remark=\count116
\c@notation=\count117
 (./interactapasample.aux)
\openout1 = `interactapasample.aux'.

LaTeX Font Info:    Checking defaults for OML/cmm/m/it on input line 31.
LaTeX Font Info:    ... okay on input line 31.
LaTeX Font Info:    Checking defaults for T1/cmr/m/n on input line 31.
LaTeX Font Info:    ... okay on input line 31.
LaTeX Font Info:    Checking defaults for OT1/cmr/m/n on input line 31.
LaTeX Font Info:    ... okay on input line 31.
LaTeX Font Info:    Checking defaults for OMS/cmsy/m/n on input line 31.
LaTeX Font Info:    ... okay on input line 31.
LaTeX Font Info:    Checking defaults for OMX/cmex/m/n on input line 31.
LaTeX Font Info:    ... okay on input line 31.
LaTeX Font Info:    Checking defaults for U/cmr/m/n on input line 31.
LaTeX Font Info:    ... okay on input line 31.

(/usr/share/texlive/texmf-dist/tex/context/base/mkii/supp-pdf.mkii
[Loading MPS to PDF converter (version 2006.09.02).]
\scratchcounter=\count118
\scratchdimen=\dimen143
\scratchbox=\box30
\nofMPsegments=\count119
\nofMParguments=\count120
\everyMPshowfont=\toks27
\MPscratchCnt=\count121
\MPscratchDim=\dimen144
\MPnumerator=\count122
\makeMPintoPDFobject=\count123
\everyMPtoPDFconversion=\toks28
)
*geometry* driver: auto-detecting
*geometry* detected driver: pdftex
*geometry* verbose mode - [ preamble ] result:
* driver: pdftex
* paper: <default>
* layout: <same size as paper>
* layoutoffset:(h,v)=(0.0pt,0.0pt)
* modes: 
* h-part:(L,W,R)=(94.75394pt, 408.0pt, 94.75394pt)
* v-part:(T,H,B)=(78.01874pt, 650.0pt, 117.0281pt)
* \paperwidth=597.50787pt
* \paperheight=845.04684pt
* \textwidth=408.0pt
* \textheight=650.0pt
* \oddsidemargin=22.48395pt
* \evensidemargin=22.48395pt
* \topmargin=-31.25125pt
* \headheight=12.0pt
* \headsep=25.0pt
* \topskip=11.0pt
* \footskip=30.0pt
* \marginparwidth=50.0pt
* \marginparsep=10.0pt
* \columnsep=12.0pt
* \skip\footins=10.0pt plus 4.0pt minus 2.0pt
* \hoffset=0.0pt
* \voffset=0.0pt
* \mag=1000
* \@twocolumnfalse
* \@twosidefalse
* \@mparswitchfalse
* \@reversemarginfalse
* (1in=72.27pt=25.4mm, 1cm=28.453pt)


LaTeX Font Warning: Font shape `OT1/cmr/m/n' in size <13> not available
(Font)              size <12> substituted on input line 42.


LaTeX Font Warning: Font shape `OT1/cmr/bx/n' in size <13> not available
(Font)              size <12> substituted on input line 42.

LaTeX Font Info:    Calculating math sizes for size <11> on input line 42.

LaTeX Font Warning: Font shape `OT1/cmr/m/n' in size <5.5> not available
(Font)              size <5> substituted on input line 42.


LaTeX Font Warning: Font shape `OML/cmm/m/it' in size <5.5> not available
(Font)              size <5> substituted on input line 42.


LaTeX Font Warning: Font shape `OMS/cmsy/m/n' in size <5.5> not available
(Font)              size <5> substituted on input line 42.

LaTeX Font Info:    Try loading font information for U+msa on input line 42.
(/usr/share/texlive/texmf-dist/tex/latex/amsfonts/umsa.fd
File: umsa.fd 2013/01/14 v3.01 AMS symbols A
)
LaTeX Font Info:    Try loading font information for U+msb on input line 42.

(/usr/share/texlive/texmf-dist/tex/latex/amsfonts/umsb.fd
File: umsb.fd 2013/01/14 v3.01 AMS symbols B
) [1



{/var/lib/texmf/fonts/map/pdftex/updmap/pdftex.map}]
Missing character: There is no â in font cmr10!
Missing character: There is no € in font cmr10!
Missing character: There is no ™ in font cmr10!
Package epstopdf Info: Source file: <Jacobian.eps>
(epstopdf)                    date: 2017-01-21 12:36:32
(epstopdf)                    size: 2208136 bytes
(epstopdf)             Output file: <Jacobian-eps-converted-to.pdf>
(epstopdf)                    date: 2017-01-21 12:36:48
(epstopdf)                    size: 66061 bytes
(epstopdf)             Command: <repstopdf --outfile=Jacobian-eps-converted-to.
pdf Jacobian.eps>
(epstopdf)             \includegraphics on input line 133.
Package epstopdf Info: Output file is already uptodate.

<Jacobian-eps-converted-to.pdf, id=16, 485.815pt x 315.1775pt>
File: Jacobian-eps-converted-to.pdf Graphic file (type pdf)

<use Jacobian-eps-converted-to.pdf>
Package pdftex.def Info: Jacobian-eps-converted-to.pdf used on input line 133.
(pdftex.def)             Requested size: 227.62204pt x 147.67175pt.


LaTeX Warning: `h' float specifier changed to `ht'.

Missing character: There is no â in font cmr10!
Missing character: There is no € in font cmr10!
Missing character: There is no ™ in font cmr10!
Missing character: There is no Ä in font cmr10!
Missing character: There is no ° in font cmr10!
[2]
Package epstopdf Info: Source file: <transpoze_carpim.eps>
(epstopdf)                    date: 2017-01-21 12:52:04
(epstopdf)                    size: 2134166 bytes
(epstopdf)             Output file: <transpoze_carpim-eps-converted-to.pdf>
(epstopdf)                    date: 2017-01-21 12:52:52
(epstopdf)                    size: 65935 bytes
(epstopdf)             Command: <repstopdf --outfile=transpoze_carpim-eps-conve
rted-to.pdf transpoze_carpim.eps>
(epstopdf)             \includegraphics on input line 145.
Package epstopdf Info: Output file is already uptodate.
 <transpoze_carpim-eps-converted-to.pdf, id=25, 494.84875pt x 299.1175pt>
File: transpoze_carpim-eps-converted-to.pdf Graphic file (type pdf)

<use transpoze_carpim-eps-converted-to.pdf>
Package pdftex.def Info: transpoze_carpim-eps-converted-to.pdf used on input li
ne 145.
(pdftex.def)             Requested size: 142.26378pt x 85.99332pt.
Missing character: There is no â in font cmr10!
Missing character: There is no € in font cmr10!
Missing character: There is no ™ in font cmr10!
Package epstopdf Info: Source file: <multip_1.eps>
(epstopdf)                    date: 2017-01-21 13:10:10
(epstopdf)                    size: 4123644 bytes
(epstopdf)             Output file: <multip_1-eps-converted-to.pdf>
(epstopdf)                    date: 2017-01-21 13:10:42
(epstopdf)                    size: 145126 bytes
(epstopdf)             Command: <repstopdf --outfile=multip_1-eps-converted-to.
pdf multip_1.eps>
(epstopdf)             \includegraphics on input line 157.
Package epstopdf Info: Output file is already uptodate.

<multip_1-eps-converted-to.pdf, id=26, 611.28375pt x 473.77pt>
File: multip_1-eps-converted-to.pdf Graphic file (type pdf)

<use multip_1-eps-converted-to.pdf>
Package pdftex.def Info: multip_1-eps-converted-to.pdf used on input line 157.
(pdftex.def)             Requested size: 142.26378pt x 110.25882pt.


LaTeX Warning: `h' float specifier changed to `ht'.

Missing character: There is no â in font cmr10!
Missing character: There is no € in font cmr10!
Missing character: There is no ™ in font cmr10!
Missing character: There is no â in font cmr10!
Missing character: There is no € in font cmr10!
Missing character: There is no ™ in font cmr10!
Package epstopdf Info: Source file: <multip_2.eps>
(epstopdf)                    date: 2017-01-21 13:14:20
(epstopdf)                    size: 3338238 bytes
(epstopdf)             Output file: <multip_2-eps-converted-to.pdf>
(epstopdf)                    date: 2017-01-21 13:14:54
(epstopdf)                    size: 113552 bytes
(epstopdf)             Command: <repstopdf --outfile=multip_2-eps-converted-to.
pdf multip_2.eps>
(epstopdf)             \includegraphics on input line 168.
Package epstopdf Info: Output file is already uptodate.
<multip_2-eps-converted-to.pdf, id=27, 503.8825pt x 461.725pt>
File: multip_2-eps-converted-to.pdf Graphic file (type pdf)

<use multip_2-eps-converted-to.pdf>
Package pdftex.def Info: multip_2-eps-converted-to.pdf used on input line 168.
(pdftex.def)             Requested size: 142.26378pt x 130.36005pt.


LaTeX Warning: `h' float specifier changed to `ht'.

Missing character: There is no â in font cmr10!
Missing character: There is no € in font cmr10!
Missing character: There is no ™ in font cmr10!
Missing character: There is no â in font cmr10!
Missing character: There is no € in font cmr10!
Missing character: There is no ™ in font cmr10!
Missing character: There is no â in font cmr10!
Missing character: There is no € in font cmr10!
Missing character: There is no ™ in font cmr10!
[3 <./Jacobian-eps-converted-to.pdf> <./transpoze_carpim-eps-converted-to.pdf>]
Package epstopdf Info: Source file: <add_mu.eps>
(epstopdf)                    date: 2017-01-21 13:18:46
(epstopdf)                    size: 3933151 bytes
(epstopdf)             Output file: <add_mu-eps-converted-to.pdf>
(epstopdf)                    date: 2017-01-21 13:19:36
(epstopdf)                    size: 118468 bytes
(epstopdf)             Command: <repstopdf --outfile=add_mu-eps-converted-to.pd
f add_mu.eps>
(epstopdf)             \includegraphics on input line 178.
Package epstopdf Info: Output file is already uptodate.
<add_mu-eps-converted-to.pdf, id=44, 562.1pt x 489.83pt>
File: add_mu-eps-converted-to.pdf Graphic file (type pdf)

<use add_mu-eps-converted-to.pdf>
Package pdftex.def Info: add_mu-eps-converted-to.pdf used on input line 178.
(pdftex.def)             Requested size: 142.26378pt x 123.96698pt.
Missing character: There is no â in font cmr10!
Missing character: There is no € in font cmr10!
Missing character: There is no ™ in font cmr10!
Missing character: There is no â in font cmr10!
Missing character: There is no € in font cmr10!
Missing character: There is no ™ in font cmr10!
Missing character: There is no â in font cmr10!
Missing character: There is no € in font cmr10!
Missing character: There is no ™ in font cmr10!
Missing character: There is no â in font cmr10!
Missing character: There is no € in font cmr10!
Missing character: There is no ™ in font cmr10!
 [4 <./multip_1-eps-converted-to.pdf> <./multip_2-eps-converted-to.pdf> <./add_
mu-eps-converted-to.pdf>]
Package epstopdf Info: Source file: <inv_1.eps>
(epstopdf)                    date: 2017-01-22 01:30:20
(epstopdf)                    size: 2950329 bytes
(epstopdf)             Output file: <inv_1-eps-converted-to.pdf>
(epstopdf)                    date: 2017-01-22 01:30:56
(epstopdf)                    size: 112996 bytes
(epstopdf)             Command: <repstopdf --outfile=inv_1-eps-converted-to.pdf
 inv_1.eps>
(epstopdf)             \includegraphics on input line 192.
Package epstopdf Info: Output file is already uptodate.

<inv_1-eps-converted-to.pdf, id=66, 418.56375pt x 489.83pt>
File: inv_1-eps-converted-to.pdf Graphic file (type pdf)

<use inv_1-eps-converted-to.pdf>
Package pdftex.def Info: inv_1-eps-converted-to.pdf used on input line 192.
(pdftex.def)             Requested size: 142.26378pt x 166.4802pt.
Missing character: There is no â in font cmr10!
Missing character: There is no € in font cmr10!
Missing character: There is no ™ in font cmr10!
Missing character: There is no â in font cmr10!
Missing character: There is no € in font cmr10!
Missing character: There is no ™ in font cmr10!
Missing character: There is no â in font cmr10!
Missing character: There is no € in font cmr10!
Missing character: There is no ™ in font cmr10!
Missing character: There is no â in font cmr10!
Missing character: There is no € in font cmr10!
Missing character: There is no ™ in font cmr10!
Package epstopdf Info: Source file: <inv_2.eps>
(epstopdf)                    date: 2017-01-22 01:33:04
(epstopdf)                    size: 2815464 bytes
(epstopdf)             Output file: <inv_2-eps-converted-to.pdf>
(epstopdf)                    date: 2017-01-22 01:34:38
(epstopdf)                    size: 90681 bytes
(epstopdf)             Command: <repstopdf --outfile=inv_2-eps-converted-to.pdf
 inv_2.eps>
(epstopdf)             \includegraphics on input line 202.
Package epstopdf Info: Output file is already uptodate.

<inv_2-eps-converted-to.pdf, id=67, 398.48875pt x 491.8375pt>
File: inv_2-eps-converted-to.pdf Graphic file (type pdf)

<use inv_2-eps-converted-to.pdf>
Package pdftex.def Info: inv_2-eps-converted-to.pdf used on input line 202.
(pdftex.def)             Requested size: 142.26378pt x 175.59041pt.
Missing character: There is no â in font cmr10!
Missing character: There is no € in font cmr10!
Missing character: There is no ™ in font cmr10!
Missing character: There is no â in font cmr10!
Missing character: There is no € in font cmr10!
Missing character: There is no ™ in font cmr10!
 [5 <./inv_1-eps-converted-to.pdf> <./inv_2-eps-converted-to.pdf>]
Package epstopdf Info: Source file: <inv_3.eps>
(epstopdf)                    date: 2017-01-22 01:36:16
(epstopdf)                    size: 4230863 bytes
(epstopdf)             Output file: <inv_3-eps-converted-to.pdf>
(epstopdf)                    date: 2017-01-22 01:37:08
(epstopdf)                    size: 155620 bytes
(epstopdf)             Command: <repstopdf --outfile=inv_3-eps-converted-to.pdf
 inv_3.eps>
(epstopdf)             \includegraphics on input line 212.
Package epstopdf Info: Output file is already uptodate.
 <inv_3-eps-converted-to.pdf, id=83, 606.265pt x 489.83pt>
File: inv_3-eps-converted-to.pdf Graphic file (type pdf)

<use inv_3-eps-converted-to.pdf>
Package pdftex.def Info: inv_3-eps-converted-to.pdf used on input line 212.
(pdftex.def)             Requested size: 142.26378pt x 114.93816pt.
Missing character: There is no Ä in font cmr10!
Missing character: There is no Ÿ in font cmr10!
Missing character: There is no Ä in font cmr10!
Missing character: There is no Ÿ in font cmr10!
Missing character: There is no â in font cmr10!
Missing character: There is no € in font cmr10!
Missing character: There is no ™ in font cmr10!
Missing character: There is no Ä in font cmr10!
Missing character: There is no Ÿ in font cmr10!
Missing character: There is no Ä in font cmr10!
Missing character: There is no Ÿ in font cmr10!
Missing character: There is no â in font cmr10!
Missing character: There is no € in font cmr10!
Missing character: There is no ™ in font cmr10!
Missing character: There is no Ä in font cmr10!
Missing character: There is no Ÿ in font cmr10!
Missing character: There is no Ä in font cmr10!
Missing character: There is no Ÿ in font cmr10!
Missing character: There is no Ã in font cmr10!
Missing character: There is no ¶ in font cmr10!
Missing character: There is no Ã in font cmr10!
Missing character: There is no ¶ in font cmr10!
Missing character: There is no Ä in font cmr10!
Missing character: There is no Ÿ in font cmr10!
Missing character: There is no Ä in font cmr10!
Missing character: There is no Ÿ in font cmr10!
Missing character: There is no Ã in font cmr10!
Missing character: There is no ¶ in font cmr10!
Missing character: There is no Ä in font cmr10!
Missing character: There is no Ÿ in font cmr10!
Missing character: There is no Ä in font cmr10!
Missing character: There is no Ÿ in font cmr10!
Missing character: There is no Ä in font cmr10!
Missing character: There is no Ÿ in font cmr10!
Missing character: There is no Ã in font cmr10!
Missing character: There is no ¶ in font cmr10!
Missing character: There is no Ã in font cmr10!
Missing character: There is no ¼ in font cmr10!
Missing character: There is no Ã in font cmr10!
Missing character: There is no ¶ in font cmr10!
Missing character: There is no Ã in font cmr10!
Missing character: There is no ¼ in font cmr10!
Missing character: There is no Ä in font cmr10!
Missing character: There is no Ÿ in font cmr10!
Missing character: There is no Ä in font cmr10!
Missing character: There is no Ÿ in font cmr10!
Missing character: There is no Ä in font cmr10!
Missing character: There is no Ÿ in font cmr10!
Missing character: There is no Ä in font cmr10!
Missing character: There is no Ÿ in font cmr10!
Missing character: There is no Ã in font cmr10!
Missing character: There is no ¼ in font cmr10!
Missing character: There is no Ã in font cmr10!
Missing character: There is no ¼ in font cmr10!
Missing character: There is no Ã in font cmr10!
Missing character: There is no ¶ in font cmr10!
Missing character: There is no Ã in font cmr10!
Missing character: There is no ¼ in font cmr10!
Missing character: There is no Ã in font cmr10!
Missing character: There is no ¼ in font cmr10!
Package epstopdf Info: Source file: <last_mul.eps>
(epstopdf)                    date: 2017-01-22 02:01:12
(epstopdf)                    size: 5943190 bytes
(epstopdf)             Output file: <last_mul-eps-converted-to.pdf>
(epstopdf)                    date: 2017-01-22 02:01:50
(epstopdf)                    size: 150802 bytes
(epstopdf)             Command: <repstopdf --outfile=last_mul-eps-converted-to.
pdf last_mul.eps>
(epstopdf)             \includegraphics on input line 223.
Package epstopdf Info: Output file is already uptodate.

<last_mul-eps-converted-to.pdf, id=84, 848.16875pt x 495.8525pt>
File: last_mul-eps-converted-to.pdf Graphic file (type pdf)

<use last_mul-eps-converted-to.pdf>
Package pdftex.def Info: last_mul-eps-converted-to.pdf used on input line 223.
(pdftex.def)             Requested size: 142.26378pt x 83.16646pt.
Missing character: There is no â in font cmr10!
Missing character: There is no € in font cmr10!
Missing character: There is no ™ in font cmr10!
Missing character: There is no Ä in font cmr10!
Missing character: There is no ± in font cmr10!
Missing character: There is no Ä in font cmr10!
Missing character: There is no Ÿ in font cmr10!
Missing character: There is no Ä in font cmr10!
Missing character: There is no ± in font cmr10!
Missing character: There is no â in font cmr10!
Missing character: There is no € in font cmr10!
Missing character: There is no ™ in font cmr10!
Missing character: There is no Ä in font cmr10!
Missing character: There is no ± in font cmr10!
Missing character: There is no Ã in font cmr10!
Missing character: There is no § in font cmr10!
Missing character: There is no Å in font cmr10!
Missing character: There is no Ÿ in font cmr10!
Missing character: There is no Ã in font cmr10!
Missing character: There is no ¶ in font cmr10!
Missing character: There is no Å in font cmr10!
Missing character: There is no Ÿ in font cmr10!
 [6 <./inv_3-eps-converted-to.pdf> <./last_mul-eps-converted-to.pdf>]
Package epstopdf Info: Source file: <ann.eps>
(epstopdf)                    date: 2017-01-22 02:11:22
(epstopdf)                    size: 3320385 bytes
(epstopdf)             Output file: <ann-eps-converted-to.pdf>
(epstopdf)                    date: 2017-01-22 02:12:04
(epstopdf)                    size: 133241 bytes
(epstopdf)             Command: <repstopdf --outfile=ann-eps-converted-to.pdf a
nn.eps>
(epstopdf)             \includegraphics on input line 250.
Package epstopdf Info: Output file is already uptodate.

<ann-eps-converted-to.pdf, id=100, 573.14125pt x 404.51125pt>
File: ann-eps-converted-to.pdf Graphic file (type pdf)

<use ann-eps-converted-to.pdf>
Package pdftex.def Info: ann-eps-converted-to.pdf used on input line 250.
(pdftex.def)             Requested size: 142.26378pt x 100.4054pt.

Overfull \hbox (5.90552pt too wide) in paragraph at lines 286--286
[]\OT1/cmtt/m/n/10.95 \title{Taylor \& Francis \LaTeX\ template for authors (\t
extsf{Interact}[] 
 []

[7 <./ann-eps-converted-to.pdf>]

LaTeX Font Warning: Font shape `OT1/cmr/bx/n' in size <5.5> not available
(Font)              size <5> substituted on input line 314.


LaTeX Font Warning: Font shape `OML/cmm/b/it' in size <5.5> not available
(Font)              size <5> substituted on input line 314.


LaTeX Font Warning: Font shape `OMS/cmsy/b/n' in size <5.5> not available
(Font)              size <5> substituted on input line 314.

[8]
Package epstopdf Info: Source file: <graph1.eps>
(epstopdf)                    date: 2007-04-10 10:49:44
(epstopdf)                    size: 37501 bytes
(epstopdf)             Output file: <graph1-eps-converted-to.pdf>
(epstopdf)                    date: 2017-01-21 08:58:52
(epstopdf)                    size: 9937 bytes
(epstopdf)             Command: <repstopdf --outfile=graph1-eps-converted-to.pd
f graph1.eps>
(epstopdf)             \includegraphics on input line 376.
Package epstopdf Info: Output file is already uptodate.
 <graph1-eps-converted-to.pdf, id=117, 231.86626pt x 187.70125pt>
File: graph1-eps-converted-to.pdf Graphic file (type pdf)

<use graph1-eps-converted-to.pdf>
Package pdftex.def Info: graph1-eps-converted-to.pdf used on input line 376.
(pdftex.def)             Requested size: 231.86568pt x 187.70079pt.
Package epstopdf Info: Source file: <graph2.eps>
(epstopdf)                    date: 2007-04-10 10:49:44
(epstopdf)                    size: 37145 bytes
(epstopdf)             Output file: <graph2-eps-converted-to.pdf>
(epstopdf)                    date: 2017-01-21 08:58:54
(epstopdf)                    size: 10439 bytes
(epstopdf)             Command: <repstopdf --outfile=graph2-eps-converted-to.pd
f graph2.eps>
(epstopdf)             \includegraphics on input line 378.
Package epstopdf Info: Output file is already uptodate.

<graph2-eps-converted-to.pdf, id=118, 231.86626pt x 187.70125pt>
File: graph2-eps-converted-to.pdf Graphic file (type pdf)

<use graph2-eps-converted-to.pdf>
Package pdftex.def Info: graph2-eps-converted-to.pdf used on input line 378.
(pdftex.def)             Requested size: 231.86568pt x 187.70079pt.
 [9] [10 <./graph1-eps-converted-to.pdf> <./graph2-eps-converted-to.pdf>]
Underfull \hbox (badness 2452) in paragraph at lines 433--434
[]\OT1/cmr/m/n/10.95 The []\OT1/cmtt/m/n/10.95 \toprule\OT1/cmr/m/n/10.95 , []\
OT1/cmtt/m/n/10.95 \midrule\OT1/cmr/m/n/10.95 , []\OT1/cmtt/m/n/10.95 \bottomru
le \OT1/cmr/m/n/10.95 and []\OT1/cmtt/m/n/10.95 \cmidrule \OT1/cmr/m/n/10.95 co
m-mands re-quire
 []

[11] [12]

LaTeX Font Warning: Font shape `OML/eur/m/n' in size <5.5> not available
(Font)              size <5> substituted on input line 540.

[13]
Missing character: There is no â in font cmtt10!
Missing character: There is no € in font cmtt10!
Missing character: There is no “ in font cmtt10!
 [14]
Underfull \hbox (badness 10000) in paragraph at lines 602--605
[]\OT1/cmr/m/n/10 Briscoe, R. (in press). Ego-cen-tric spa-tial rep-re-sen-ta-t
ion in ac-tion and
 []


Underfull \hbox (badness 10000) in paragraph at lines 602--605
\OT1/cmr/m/n/10 per-cep-tion. \OT1/cmr/m/it/10 Phi-los-o-phy and Phe-nomeno-log
-i-cal Re-search\OT1/cmr/m/n/10 . Re-trieved from
 []

[15]
Overfull \hbox (46.14633pt too wide) in paragraph at lines 822--822
[]\OT1/cmtt/m/n/10.95 \bibitem[Chamberlin et al.(2008)Chamberlin, Novotney, Pac
kard, \& Price]{Cha08}[] 
 []

[16]
Overfull \hbox (17.4029pt too wide) in paragraph at lines 822--822
[]\OT1/cmtt/m/n/10.95 \bibitem[Ganster et al.(1991)Ganster, schaubroeck, sime, 
\& Mayes]{GssM91}[] 
 []

[17] [18] [19]
Underfull \hbox (badness 1082) in paragraph at lines 894--895
\OT1/cmr/m/n/10.95 This ar-ti-cle tem-plate, the \OT1/cmtt/m/n/10.95 interact \
OT1/cmr/m/n/10.95 class file and the as-so-ci-ated open-source
 []

[20] (./interactapasample.aux)

LaTeX Font Warning: Size substitutions with differences
(Font)              up to 1.0pt have occurred.

 ) 
Here is how much of TeX's memory you used:
 4092 strings out of 494945
 53421 string characters out of 6181032
 122741 words of memory out of 5000000
 7281 multiletter control sequences out of 15000+600000
 17921 words of font info for 68 fonts, out of 8000000 for 9000
 14 hyphenation exceptions out of 8191
 42i,12n,29p,1479b,292s stack positions out of 5000i,500n,10000p,200000b,80000s
</usr/share/texlive/texmf-dist/fonts/type1/public/amsfonts/cm/cmbx10.pfb></us
r/share/texlive/texmf-dist/fonts/type1/public/amsfonts/cm/cmbx12.pfb></usr/shar
e/texlive/texmf-dist/fonts/type1/public/amsfonts/cm/cmbx8.pfb></usr/share/texli
ve/texmf-dist/fonts/type1/public/amsfonts/cm/cmbx9.pfb></usr/share/texlive/texm
f-dist/fonts/type1/public/amsfonts/cm/cmbxti10.pfb></usr/share/texlive/texmf-di
st/fonts/type1/public/amsfonts/cm/cmcsc10.pfb></usr/share/texlive/texmf-dist/fo
nts/type1/public/amsfonts/cm/cmex10.pfb></usr/share/texlive/texmf-dist/fonts/ty
pe1/public/amsfonts/cm/cmmi10.pfb></usr/share/texlive/texmf-dist/fonts/type1/pu
blic/amsfonts/cm/cmmi5.pfb></usr/share/texlive/texmf-dist/fonts/type1/public/am
sfonts/cm/cmmi8.pfb></usr/share/texlive/texmf-dist/fonts/type1/public/amsfonts/
cm/cmmib10.pfb></usr/share/texlive/texmf-dist/fonts/type1/public/amsfonts/cm/cm
r10.pfb></usr/share/texlive/texmf-dist/fonts/type1/public/amsfonts/cm/cmr12.pfb
></usr/share/texlive/texmf-dist/fonts/type1/public/amsfonts/cm/cmr5.pfb></usr/s
hare/texlive/texmf-dist/fonts/type1/public/amsfonts/cm/cmr6.pfb></usr/share/tex
live/texmf-dist/fonts/type1/public/amsfonts/cm/cmr7.pfb></usr/share/texlive/tex
mf-dist/fonts/type1/public/amsfonts/cm/cmr8.pfb></usr/share/texlive/texmf-dist/
fonts/type1/public/amsfonts/cm/cmr9.pfb></usr/share/texlive/texmf-dist/fonts/ty
pe1/public/amsfonts/cm/cmss10.pfb></usr/share/texlive/texmf-dist/fonts/type1/pu
blic/amsfonts/cm/cmsy10.pfb></usr/share/texlive/texmf-dist/fonts/type1/public/a
msfonts/cm/cmsy8.pfb></usr/share/texlive/texmf-dist/fonts/type1/public/amsfonts
/cm/cmti10.pfb></usr/share/texlive/texmf-dist/fonts/type1/public/amsfonts/cm/cm
tt10.pfb></usr/share/texlive/texmf-dist/fonts/type1/public/amsfonts/euler/eurm1
0.pfb>
Output written on interactapasample.pdf (20 pages, 1463149 bytes).
PDF statistics:
 244 PDF objects out of 1000 (max. 8388607)
 144 compressed objects within 2 object streams
 0 named destinations out of 1000 (max. 500000)
 61 words of extra memory for PDF output out of 10000 (max. 10000000)

